Analysis & Synthesis report for motor
Mon May 27 16:33:14 2019
Quartus II 32-bit Version 13.0.1 Build 232 06/12/2013 Service Pack 1 SJ Web Edition


---------------------
; Table of Contents ;
---------------------
  1. Legal Notice
  2. Analysis & Synthesis Summary
  3. Analysis & Synthesis Settings
  4. Parallel Compilation
  5. Analysis & Synthesis Source Files Read
  6. Analysis & Synthesis Resource Usage Summary
  7. Analysis & Synthesis Resource Utilization by Entity
  8. Analysis & Synthesis IP Cores Summary
  9. State Machine - |motor|Controlador_e:b2v_inst|state_controller
 10. User-Specified and Inferred Latches
 11. Registers Removed During Synthesis
 12. General Register Statistics
 13. Multiplexer Restructuring Statistics (Restructuring Performed)
 14. Parameter Settings for User Entity Instance: lpm_counter0:b2v_inst10|lpm_counter:LPM_COUNTER_component
 15. Parameter Settings for User Entity Instance: lpm_mux0:b2v_inst9|LPM_MUX:LPM_MUX_component
 16. Elapsed Time Per Partition
 17. Analysis & Synthesis Messages



----------------
; Legal Notice ;
----------------
Copyright (C) 1991-2013 Altera Corporation
Your use of Altera Corporation's design tools, logic functions 
and other software and tools, and its AMPP partner logic 
functions, and any output files from any of the foregoing 
(including device programming or simulation files), and any 
associated documentation or information are expressly subject 
to the terms and conditions of the Altera Program License 
Subscription Agreement, Altera MegaCore Function License 
Agreement, or other applicable license agreement, including, 
without limitation, that your use is for the sole purpose of 
programming logic devices manufactured by Altera and sold by 
Altera or its authorized distributors.  Please refer to the 
applicable agreement for further details.



+--------------------------------------------------------------------------------------+
; Analysis & Synthesis Summary                                                         ;
+------------------------------------+-------------------------------------------------+
; Analysis & Synthesis Status        ; Successful - Mon May 27 16:33:14 2019           ;
; Quartus II 32-bit Version          ; 13.0.1 Build 232 06/12/2013 SP 1 SJ Web Edition ;
; Revision Name                      ; motor                                           ;
; Top-level Entity Name              ; motor                                           ;
; Family                             ; Cyclone IV E                                    ;
; Total logic elements               ; 55                                              ;
;     Total combinational functions  ; 51                                              ;
;     Dedicated logic registers      ; 29                                              ;
; Total registers                    ; 29                                              ;
; Total pins                         ; 19                                              ;
; Total virtual pins                 ; 0                                               ;
; Total memory bits                  ; 0                                               ;
; Embedded Multiplier 9-bit elements ; 0                                               ;
; Total PLLs                         ; 0                                               ;
+------------------------------------+-------------------------------------------------+


+----------------------------------------------------------------------------------------------------------------------+
; Analysis & Synthesis Settings                                                                                        ;
+----------------------------------------------------------------------------+--------------------+--------------------+
; Option                                                                     ; Setting            ; Default Value      ;
+----------------------------------------------------------------------------+--------------------+--------------------+
; Device                                                                     ; EP4CE6E22C8        ;                    ;
; Top-level entity name                                                      ; motor              ; motor              ;
; Family name                                                                ; Cyclone IV E       ; Cyclone IV GX      ;
; Use smart compilation                                                      ; Off                ; Off                ;
; Enable parallel Assembler and TimeQuest Timing Analyzer during compilation ; On                 ; On                 ;
; Enable compact report table                                                ; Off                ; Off                ;
; Restructure Multiplexers                                                   ; Auto               ; Auto               ;
; Create Debugging Nodes for IP Cores                                        ; Off                ; Off                ;
; Preserve fewer node names                                                  ; On                 ; On                 ;
; Disable OpenCore Plus hardware evaluation                                  ; Off                ; Off                ;
; Verilog Version                                                            ; Verilog_2001       ; Verilog_2001       ;
; VHDL Version                                                               ; VHDL_1993          ; VHDL_1993          ;
; State Machine Processing                                                   ; Auto               ; Auto               ;
; Safe State Machine                                                         ; Off                ; Off                ;
; Extract Verilog State Machines                                             ; On                 ; On                 ;
; Extract VHDL State Machines                                                ; On                 ; On                 ;
; Ignore Verilog initial constructs                                          ; Off                ; Off                ;
; Iteration limit for constant Verilog loops                                 ; 5000               ; 5000               ;
; Iteration limit for non-constant Verilog loops                             ; 250                ; 250                ;
; Add Pass-Through Logic to Inferred RAMs                                    ; On                 ; On                 ;
; Infer RAMs from Raw Logic                                                  ; On                 ; On                 ;
; Parallel Synthesis                                                         ; On                 ; On                 ;
; DSP Block Balancing                                                        ; Auto               ; Auto               ;
; NOT Gate Push-Back                                                         ; On                 ; On                 ;
; Power-Up Don't Care                                                        ; On                 ; On                 ;
; Remove Redundant Logic Cells                                               ; Off                ; Off                ;
; Remove Duplicate Registers                                                 ; On                 ; On                 ;
; Ignore CARRY Buffers                                                       ; Off                ; Off                ;
; Ignore CASCADE Buffers                                                     ; Off                ; Off                ;
; Ignore GLOBAL Buffers                                                      ; Off                ; Off                ;
; Ignore ROW GLOBAL Buffers                                                  ; Off                ; Off                ;
; Ignore LCELL Buffers                                                       ; Off                ; Off                ;
; Ignore SOFT Buffers                                                        ; On                 ; On                 ;
; Limit AHDL Integers to 32 Bits                                             ; Off                ; Off                ;
; Optimization Technique                                                     ; Balanced           ; Balanced           ;
; Carry Chain Length                                                         ; 70                 ; 70                 ;
; Auto Carry Chains                                                          ; On                 ; On                 ;
; Auto Open-Drain Pins                                                       ; On                 ; On                 ;
; Perform WYSIWYG Primitive Resynthesis                                      ; Off                ; Off                ;
; Auto ROM Replacement                                                       ; On                 ; On                 ;
; Auto RAM Replacement                                                       ; On                 ; On                 ;
; Auto DSP Block Replacement                                                 ; On                 ; On                 ;
; Auto Shift Register Replacement                                            ; Auto               ; Auto               ;
; Allow Shift Register Merging across Hierarchies                            ; Auto               ; Auto               ;
; Auto Clock Enable Replacement                                              ; On                 ; On                 ;
; Strict RAM Replacement                                                     ; Off                ; Off                ;
; Allow Synchronous Control Signals                                          ; On                 ; On                 ;
; Force Use of Synchronous Clear Signals                                     ; Off                ; Off                ;
; Auto RAM Block Balancing                                                   ; On                 ; On                 ;
; Auto RAM to Logic Cell Conversion                                          ; Off                ; Off                ;
; Auto Resource Sharing                                                      ; Off                ; Off                ;
; Allow Any RAM Size For Recognition                                         ; Off                ; Off                ;
; Allow Any ROM Size For Recognition                                         ; Off                ; Off                ;
; Allow Any Shift Register Size For Recognition                              ; Off                ; Off                ;
; Use LogicLock Constraints during Resource Balancing                        ; On                 ; On                 ;
; Ignore translate_off and synthesis_off directives                          ; Off                ; Off                ;
; Timing-Driven Synthesis                                                    ; On                 ; On                 ;
; Report Parameter Settings                                                  ; On                 ; On                 ;
; Report Source Assignments                                                  ; On                 ; On                 ;
; Report Connectivity Checks                                                 ; On                 ; On                 ;
; Ignore Maximum Fan-Out Assignments                                         ; Off                ; Off                ;
; Synchronization Register Chain Length                                      ; 2                  ; 2                  ;
; PowerPlay Power Optimization                                               ; Normal compilation ; Normal compilation ;
; HDL message level                                                          ; Level2             ; Level2             ;
; Suppress Register Optimization Related Messages                            ; Off                ; Off                ;
; Number of Removed Registers Reported in Synthesis Report                   ; 5000               ; 5000               ;
; Number of Swept Nodes Reported in Synthesis Report                         ; 5000               ; 5000               ;
; Number of Inverted Registers Reported in Synthesis Report                  ; 100                ; 100                ;
; Clock MUX Protection                                                       ; On                 ; On                 ;
; Auto Gated Clock Conversion                                                ; Off                ; Off                ;
; Block Design Naming                                                        ; Auto               ; Auto               ;
; SDC constraint protection                                                  ; Off                ; Off                ;
; Synthesis Effort                                                           ; Auto               ; Auto               ;
; Shift Register Replacement - Allow Asynchronous Clear Signal               ; On                 ; On                 ;
; Pre-Mapping Resynthesis Optimization                                       ; Off                ; Off                ;
; Analysis & Synthesis Message Level                                         ; Medium             ; Medium             ;
; Disable Register Merging Across Hierarchies                                ; Auto               ; Auto               ;
; Resource Aware Inference For Block RAM                                     ; On                 ; On                 ;
; Synthesis Seed                                                             ; 1                  ; 1                  ;
+----------------------------------------------------------------------------+--------------------+--------------------+


Parallel compilation was disabled, but you have multiple processors available. Enable parallel compilation to reduce compilation time.
+-------------------------------------+
; Parallel Compilation                ;
+----------------------------+--------+
; Processors                 ; Number ;
+----------------------------+--------+
; Number detected on machine ; 4      ;
; Maximum allowed            ; 1      ;
+----------------------------+--------+


+-----------------------------------------------------------------------------------------------------------------------------------------------------------------------------------------------------------------------------+
; Analysis & Synthesis Source Files Read                                                                                                                                                                                      ;
+----------------------------------+-----------------+------------------------------+-------------------------------------------------------------------------------------------------------------------------------+---------+
; File Name with User-Entered Path ; Used in Netlist ; File Type                    ; File Name with Absolute Path                                                                                                  ; Library ;
+----------------------------------+-----------------+------------------------------+-------------------------------------------------------------------------------------------------------------------------------+---------+
; motor.vhd                        ; yes             ; User VHDL File               ; Z:/Users/caiotelles/Google Drive/Universidade/Eletrônica Digital II/Motor_doc/Motor_labDigital_II/Motor/motor.vhd             ;         ;
; led_controller.vhd               ; yes             ; User VHDL File               ; Z:/Users/caiotelles/Google Drive/Universidade/Eletrônica Digital II/Motor_doc/Motor_labDigital_II/Motor/led_controller.vhd    ;         ;
; dsf_shiftregister.vhd            ; yes             ; User VHDL File               ; Z:/Users/caiotelles/Google Drive/Universidade/Eletrônica Digital II/Motor_doc/Motor_labDigital_II/Motor/dsf_shiftregister.vhd ;         ;
; demux_rotation.vhd               ; yes             ; User VHDL File               ; Z:/Users/caiotelles/Google Drive/Universidade/Eletrônica Digital II/Motor_doc/Motor_labDigital_II/Motor/demux_rotation.vhd    ;         ;
; Controlador_e.vhd                ; yes             ; User VHDL File               ; Z:/Users/caiotelles/Google Drive/Universidade/Eletrônica Digital II/Motor_doc/Motor_labDigital_II/Motor/Controlador_e.vhd     ;         ;
; Comparador_e.vhd                 ; yes             ; User VHDL File               ; Z:/Users/caiotelles/Google Drive/Universidade/Eletrônica Digital II/Motor_doc/Motor_labDigital_II/Motor/Comparador_e.vhd      ;         ;
; lpm_mux0.vhd                     ; yes             ; User Wizard-Generated File   ; Z:/Users/caiotelles/Google Drive/Universidade/Eletrônica Digital II/Motor_doc/Motor_labDigital_II/Motor/lpm_mux0.vhd          ;         ;
; lpm_counter0.vhd                 ; yes             ; User Wizard-Generated File   ; Z:/Users/caiotelles/Google Drive/Universidade/Eletrônica Digital II/Motor_doc/Motor_labDigital_II/Motor/lpm_counter0.vhd      ;         ;
; lpm_counter.tdf                  ; yes             ; Megafunction                 ; z:/users/caiotelles/desktop/13.0sp1/quartus/libraries/megafunctions/lpm_counter.tdf                                           ;         ;
; lpm_constant.inc                 ; yes             ; Megafunction                 ; z:/users/caiotelles/desktop/13.0sp1/quartus/libraries/megafunctions/lpm_constant.inc                                          ;         ;
; lpm_decode.inc                   ; yes             ; Megafunction                 ; z:/users/caiotelles/desktop/13.0sp1/quartus/libraries/megafunctions/lpm_decode.inc                                            ;         ;
; lpm_add_sub.inc                  ; yes             ; Megafunction                 ; z:/users/caiotelles/desktop/13.0sp1/quartus/libraries/megafunctions/lpm_add_sub.inc                                           ;         ;
; cmpconst.inc                     ; yes             ; Megafunction                 ; z:/users/caiotelles/desktop/13.0sp1/quartus/libraries/megafunctions/cmpconst.inc                                              ;         ;
; lpm_compare.inc                  ; yes             ; Megafunction                 ; z:/users/caiotelles/desktop/13.0sp1/quartus/libraries/megafunctions/lpm_compare.inc                                           ;         ;
; lpm_counter.inc                  ; yes             ; Megafunction                 ; z:/users/caiotelles/desktop/13.0sp1/quartus/libraries/megafunctions/lpm_counter.inc                                           ;         ;
; dffeea.inc                       ; yes             ; Megafunction                 ; z:/users/caiotelles/desktop/13.0sp1/quartus/libraries/megafunctions/dffeea.inc                                                ;         ;
; alt_counter_stratix.inc          ; yes             ; Megafunction                 ; z:/users/caiotelles/desktop/13.0sp1/quartus/libraries/megafunctions/alt_counter_stratix.inc                                   ;         ;
; aglobal130.inc                   ; yes             ; Megafunction                 ; z:/users/caiotelles/desktop/13.0sp1/quartus/libraries/megafunctions/aglobal130.inc                                            ;         ;
; db/cntr_5ei.tdf                  ; yes             ; Auto-Generated Megafunction  ; Z:/Users/caiotelles/Google Drive/Universidade/Eletrônica Digital II/Motor_doc/Motor_labDigital_II/Motor/db/cntr_5ei.tdf       ;         ;
; lpm_mux.tdf                      ; yes             ; Megafunction                 ; z:/users/caiotelles/desktop/13.0sp1/quartus/libraries/megafunctions/lpm_mux.tdf                                               ;         ;
; muxlut.inc                       ; yes             ; Megafunction                 ; z:/users/caiotelles/desktop/13.0sp1/quartus/libraries/megafunctions/muxlut.inc                                                ;         ;
; bypassff.inc                     ; yes             ; Megafunction                 ; z:/users/caiotelles/desktop/13.0sp1/quartus/libraries/megafunctions/bypassff.inc                                              ;         ;
; altshift.inc                     ; yes             ; Megafunction                 ; z:/users/caiotelles/desktop/13.0sp1/quartus/libraries/megafunctions/altshift.inc                                              ;         ;
; db/mux_p7e.tdf                   ; yes             ; Auto-Generated Megafunction  ; Z:/Users/caiotelles/Google Drive/Universidade/Eletrônica Digital II/Motor_doc/Motor_labDigital_II/Motor/db/mux_p7e.tdf        ;         ;
+----------------------------------+-----------------+------------------------------+-------------------------------------------------------------------------------------------------------------------------------+---------+


+---------------------------------------------------------+
; Analysis & Synthesis Resource Usage Summary             ;
+---------------------------------------------+-----------+
; Resource                                    ; Usage     ;
+---------------------------------------------+-----------+
; Estimated Total logic elements              ; 55        ;
;                                             ;           ;
; Total combinational functions               ; 51        ;
; Logic element usage by number of LUT inputs ;           ;
;     -- 4 input functions                    ; 24        ;
;     -- 3 input functions                    ; 10        ;
;     -- <=2 input functions                  ; 17        ;
;                                             ;           ;
; Logic elements by mode                      ;           ;
;     -- normal mode                          ; 44        ;
;     -- arithmetic mode                      ; 7         ;
;                                             ;           ;
; Total registers                             ; 29        ;
;     -- Dedicated logic registers            ; 29        ;
;     -- I/O registers                        ; 0         ;
;                                             ;           ;
; I/O pins                                    ; 19        ;
; Embedded Multiplier 9-bit elements          ; 0         ;
; Maximum fan-out node                        ; clk~input ;
; Maximum fan-out                             ; 29        ;
; Total fan-out                               ; 261       ;
; Average fan-out                             ; 2.21      ;
+---------------------------------------------+-----------+


+-----------------------------------------------------------------------------------------------------------------------------------------------------------------------------------------------------------------------------------------------------------------+
; Analysis & Synthesis Resource Utilization by Entity                                                                                                                                                                                                             ;
+-------------------------------------------+-------------------+--------------+-------------+--------------+---------+-----------+------+--------------+------------------------------------------------------------------------------------------+--------------+
; Compilation Hierarchy Node                ; LC Combinationals ; LC Registers ; Memory Bits ; DSP Elements ; DSP 9x9 ; DSP 18x18 ; Pins ; Virtual Pins ; Full Hierarchy Name                                                                      ; Library Name ;
+-------------------------------------------+-------------------+--------------+-------------+--------------+---------+-----------+------+--------------+------------------------------------------------------------------------------------------+--------------+
; |motor                                    ; 51 (0)            ; 29 (0)       ; 0           ; 0            ; 0       ; 0         ; 19   ; 0            ; |motor                                                                                   ; work         ;
;    |Comparador_e:b2v_inst4|               ; 6 (6)             ; 0 (0)        ; 0           ; 0            ; 0       ; 0         ; 0    ; 0            ; |motor|Comparador_e:b2v_inst4                                                            ; work         ;
;    |Controlador_e:b2v_inst|               ; 28 (28)           ; 8 (8)        ; 0           ; 0            ; 0       ; 0         ; 0    ; 0            ; |motor|Controlador_e:b2v_inst                                                            ; work         ;
;    |demux_rotation:b2v_inst3|             ; 2 (2)             ; 0 (0)        ; 0           ; 0            ; 0       ; 0         ; 0    ; 0            ; |motor|demux_rotation:b2v_inst3                                                          ; work         ;
;    |dsf_shiftregister:b2v_inst2|          ; 1 (1)             ; 1 (1)        ; 0           ; 0            ; 0       ; 0         ; 0    ; 0            ; |motor|dsf_shiftregister:b2v_inst2                                                       ; work         ;
;    |led_controller:b2v_inst5|             ; 3 (3)             ; 3 (3)        ; 0           ; 0            ; 0       ; 0         ; 0    ; 0            ; |motor|led_controller:b2v_inst5                                                          ; work         ;
;    |led_controller:b2v_inst6|             ; 0 (0)             ; 3 (3)        ; 0           ; 0            ; 0       ; 0         ; 0    ; 0            ; |motor|led_controller:b2v_inst6                                                          ; work         ;
;    |led_controller:b2v_inst7|             ; 3 (3)             ; 3 (3)        ; 0           ; 0            ; 0       ; 0         ; 0    ; 0            ; |motor|led_controller:b2v_inst7                                                          ; work         ;
;    |led_controller:b2v_inst8|             ; 0 (0)             ; 3 (3)        ; 0           ; 0            ; 0       ; 0         ; 0    ; 0            ; |motor|led_controller:b2v_inst8                                                          ; work         ;
;    |lpm_counter0:b2v_inst10|              ; 8 (0)             ; 8 (0)        ; 0           ; 0            ; 0       ; 0         ; 0    ; 0            ; |motor|lpm_counter0:b2v_inst10                                                           ; work         ;
;       |lpm_counter:LPM_COUNTER_component| ; 8 (0)             ; 8 (0)        ; 0           ; 0            ; 0       ; 0         ; 0    ; 0            ; |motor|lpm_counter0:b2v_inst10|lpm_counter:LPM_COUNTER_component                         ; work         ;
;          |cntr_5ei:auto_generated|        ; 8 (8)             ; 8 (8)        ; 0           ; 0            ; 0       ; 0         ; 0    ; 0            ; |motor|lpm_counter0:b2v_inst10|lpm_counter:LPM_COUNTER_component|cntr_5ei:auto_generated ; work         ;
+-------------------------------------------+-------------------+--------------+-------------+--------------+---------+-----------+------+--------------+------------------------------------------------------------------------------------------+--------------+
Note: For table entries with two numbers listed, the numbers in parentheses indicate the number of resources of the given type used by the specific entity alone. The numbers listed outside of parentheses indicate the total resources of the given type used by the specific entity and all of its sub-entities in the hierarchy.


+---------------------------------------------------------------------------------------------------------------------------------------------------------------------------------------------------------------------------+
; Analysis & Synthesis IP Cores Summary                                                                                                                                                                                     ;
+--------+--------------+---------+--------------+--------------+--------------------------------+--------------------------------------------------------------------------------------------------------------------------+
; Vendor ; IP Core Name ; Version ; Release Date ; License Type ; Entity Instance                ; IP Include File                                                                                                          ;
+--------+--------------+---------+--------------+--------------+--------------------------------+--------------------------------------------------------------------------------------------------------------------------+
; Altera ; LPM_MUX      ; 13.0    ; N/A          ; N/A          ; |motor|lpm_mux0:b2v_inst9      ; Z:/Users/caiotelles/Google Drive/Universidade/Eletrônica Digital II/Motor_doc/Motor_labDigital_II/Motor/lpm_mux0.vhd     ;
; Altera ; LPM_COUNTER  ; 13.0    ; N/A          ; N/A          ; |motor|lpm_counter0:b2v_inst10 ; Z:/Users/caiotelles/Google Drive/Universidade/Eletrônica Digital II/Motor_doc/Motor_labDigital_II/Motor/lpm_counter0.vhd ;
+--------+--------------+---------+--------------+--------------+--------------------------------+--------------------------------------------------------------------------------------------------------------------------+


Encoding Type:  One-Hot
+-----------------------------------------------------------------------------------------------------------------------------------------------+
; State Machine - |motor|Controlador_e:b2v_inst|state_controller                                                                                ;
+-------------------------------+-------------------------------+----------------------------+-----------------------+--------------------------+
; Name                          ; state_controller.power_engine ; state_controller.set_speed ; state_controller.hold ; state_controller.standby ;
+-------------------------------+-------------------------------+----------------------------+-----------------------+--------------------------+
; state_controller.standby      ; 0                             ; 0                          ; 0                     ; 0                        ;
; state_controller.hold         ; 0                             ; 0                          ; 1                     ; 1                        ;
; state_controller.set_speed    ; 0                             ; 1                          ; 0                     ; 1                        ;
; state_controller.power_engine ; 1                             ; 0                          ; 0                     ; 1                        ;
+-------------------------------+-------------------------------+----------------------------+-----------------------+--------------------------+


+---------------------------------------------------------------------------------------------------------------+
; User-Specified and Inferred Latches                                                                           ;
+----------------------------------------------------+---------------------------------+------------------------+
; Latch Name                                         ; Latch Enable Signal             ; Free of Timing Hazards ;
+----------------------------------------------------+---------------------------------+------------------------+
; Comparador_e:b2v_inst4|ls                          ; Controlador_e:b2v_inst|en_count ; yes                    ;
; Number of user-specified and inferred latches = 1  ;                                 ;                        ;
+----------------------------------------------------+---------------------------------+------------------------+
Note: All latches listed above may not be present at the end of synthesis due to various synthesis optimizations.


+-----------------------------------------------------------------------------------------------------------------+
; Registers Removed During Synthesis                                                                              ;
+-----------------------------------------------------+-----------------------------------------------------------+
; Register name                                       ; Reason for Removal                                        ;
+-----------------------------------------------------+-----------------------------------------------------------+
; dsf_shiftregister:b2v_inst2|speed_register[1,2,5,6] ; Stuck at VCC due to stuck port data_in                    ;
; dsf_shiftregister:b2v_inst2|speed_register[3,4,7]   ; Merged with dsf_shiftregister:b2v_inst2|speed_register[0] ;
; Controlador_e:b2v_inst|sp                           ; Merged with Controlador_e:b2v_inst|rt                     ;
; Total Number of Removed Registers = 8               ;                                                           ;
+-----------------------------------------------------+-----------------------------------------------------------+


+------------------------------------------------------+
; General Register Statistics                          ;
+----------------------------------------------+-------+
; Statistic                                    ; Value ;
+----------------------------------------------+-------+
; Total registers                              ; 29    ;
; Number of registers using Synchronous Clear  ; 0     ;
; Number of registers using Synchronous Load   ; 0     ;
; Number of registers using Asynchronous Clear ; 5     ;
; Number of registers using Asynchronous Load  ; 0     ;
; Number of registers using Clock Enable       ; 11    ;
; Number of registers using Preset             ; 0     ;
+----------------------------------------------+-------+


+-------------------------------------------------------------------------------------------------------------------------------------------------------+
; Multiplexer Restructuring Statistics (Restructuring Performed)                                                                                        ;
+--------------------+-----------+---------------+----------------------+------------------------+------------+-----------------------------------------+
; Multiplexer Inputs ; Bus Width ; Baseline Area ; Area if Restructured ; Saving if Restructured ; Registered ; Example Multiplexer Output              ;
+--------------------+-----------+---------------+----------------------+------------------------+------------+-----------------------------------------+
; 12:1               ; 2 bits    ; 16 LEs        ; 8 LEs                ; 8 LEs                  ; No         ; |motor|Controlador_e:b2v_inst|Selector5 ;
; 15:1               ; 2 bits    ; 20 LEs        ; 8 LEs                ; 12 LEs                 ; No         ; |motor|Controlador_e:b2v_inst|Selector6 ;
+--------------------+-----------+---------------+----------------------+------------------------+------------+-----------------------------------------+


+--------------------------------------------------------------------------------------------------------+
; Parameter Settings for User Entity Instance: lpm_counter0:b2v_inst10|lpm_counter:LPM_COUNTER_component ;
+------------------------+--------------+----------------------------------------------------------------+
; Parameter Name         ; Value        ; Type                                                           ;
+------------------------+--------------+----------------------------------------------------------------+
; AUTO_CARRY_CHAINS      ; ON           ; AUTO_CARRY                                                     ;
; IGNORE_CARRY_BUFFERS   ; OFF          ; IGNORE_CARRY                                                   ;
; AUTO_CASCADE_CHAINS    ; ON           ; AUTO_CASCADE                                                   ;
; IGNORE_CASCADE_BUFFERS ; OFF          ; IGNORE_CASCADE                                                 ;
; LPM_WIDTH              ; 8            ; Signed Integer                                                 ;
; LPM_DIRECTION          ; UP           ; Untyped                                                        ;
; LPM_MODULUS            ; 0            ; Untyped                                                        ;
; LPM_AVALUE             ; UNUSED       ; Untyped                                                        ;
; LPM_SVALUE             ; UNUSED       ; Untyped                                                        ;
; LPM_PORT_UPDOWN        ; PORT_UNUSED  ; Untyped                                                        ;
; DEVICE_FAMILY          ; Cyclone IV E ; Untyped                                                        ;
; CARRY_CHAIN            ; MANUAL       ; Untyped                                                        ;
; CARRY_CHAIN_LENGTH     ; 48           ; CARRY_CHAIN_LENGTH                                             ;
; NOT_GATE_PUSH_BACK     ; ON           ; NOT_GATE_PUSH_BACK                                             ;
; CARRY_CNT_EN           ; SMART        ; Untyped                                                        ;
; LABWIDE_SCLR           ; ON           ; Untyped                                                        ;
; USE_NEW_VERSION        ; TRUE         ; Untyped                                                        ;
; CBXI_PARAMETER         ; cntr_5ei     ; Untyped                                                        ;
+------------------------+--------------+----------------------------------------------------------------+
Note: In order to hide this table in the UI and the text report file, please set the "Show Parameter Settings in Synthesis Report" option in "Analysis and Synthesis Settings -> More Settings" to "Off".


+-------------------------------------------------------------------------------------------+
; Parameter Settings for User Entity Instance: lpm_mux0:b2v_inst9|LPM_MUX:LPM_MUX_component ;
+------------------------+--------------+---------------------------------------------------+
; Parameter Name         ; Value        ; Type                                              ;
+------------------------+--------------+---------------------------------------------------+
; AUTO_CARRY_CHAINS      ; ON           ; AUTO_CARRY                                        ;
; IGNORE_CARRY_BUFFERS   ; OFF          ; IGNORE_CARRY                                      ;
; AUTO_CASCADE_CHAINS    ; ON           ; AUTO_CASCADE                                      ;
; IGNORE_CASCADE_BUFFERS ; OFF          ; IGNORE_CASCADE                                    ;
; LPM_WIDTH              ; 8            ; Signed Integer                                    ;
; LPM_SIZE               ; 2            ; Signed Integer                                    ;
; LPM_WIDTHS             ; 1            ; Signed Integer                                    ;
; LPM_PIPELINE           ; 0            ; Signed Integer                                    ;
; CBXI_PARAMETER         ; mux_p7e      ; Untyped                                           ;
; DEVICE_FAMILY          ; Cyclone IV E ; Untyped                                           ;
+------------------------+--------------+---------------------------------------------------+
Note: In order to hide this table in the UI and the text report file, please set the "Show Parameter Settings in Synthesis Report" option in "Analysis and Synthesis Settings -> More Settings" to "Off".


+-------------------------------+
; Elapsed Time Per Partition    ;
+----------------+--------------+
; Partition Name ; Elapsed Time ;
+----------------+--------------+
; Top            ; 00:00:01     ;
+----------------+--------------+


+-------------------------------+
; Analysis & Synthesis Messages ;
+-------------------------------+
Info: *******************************************************************
Info: Running Quartus II 32-bit Analysis & Synthesis
    Info: Version 13.0.1 Build 232 06/12/2013 Service Pack 1 SJ Web Edition
    Info: Processing started: Mon May 27 16:33:06 2019
Info: Command: quartus_map --read_settings_files=on --write_settings_files=off Motor -c motor
Warning (20028): Parallel compilation is not licensed and has been disabled
Info (12021): Found 2 design units, including 1 entities, in source file motor.vhd
    Info (12022): Found design unit 1: motor-bdf_type
    Info (12023): Found entity 1: motor
Info (12021): Found 2 design units, including 1 entities, in source file one_delay.vhd
    Info (12022): Found design unit 1: One_delay-onedelay_arc
    Info (12023): Found entity 1: One_delay
Info (12021): Found 2 design units, including 1 entities, in source file led_controller.vhd
    Info (12022): Found design unit 1: led_controller-controller
    Info (12023): Found entity 1: led_controller
Info (12021): Found 2 design units, including 1 entities, in source file dsf_shiftregister.vhd
    Info (12022): Found design unit 1: dsf_shiftregister-load_register
    Info (12023): Found entity 1: dsf_shiftregister
Info (12021): Found 2 design units, including 1 entities, in source file demux_rotation.vhd
    Info (12022): Found design unit 1: demux_rotation-arq1
    Info (12023): Found entity 1: demux_rotation
Info (12021): Found 2 design units, including 1 entities, in source file controlador_e.vhd
    Info (12022): Found design unit 1: Controlador_e-arq1
    Info (12023): Found entity 1: Controlador_e
Info (12021): Found 2 design units, including 1 entities, in source file comparador_e.vhd
    Info (12022): Found design unit 1: Comparador_e-arq1
    Info (12023): Found entity 1: Comparador_e
Info (12021): Found 2 design units, including 1 entities, in source file lpm_mux0.vhd
    Info (12022): Found design unit 1: lpm_mux0-SYN
    Info (12023): Found entity 1: lpm_mux0
Info (12021): Found 2 design units, including 1 entities, in source file lpm_counter0.vhd
    Info (12022): Found design unit 1: lpm_counter0-SYN
    Info (12023): Found entity 1: lpm_counter0
Info (12021): Found 1 design units, including 1 entities, in source file motorv2.bdf
    Info (12023): Found entity 1: motorv2
Info (12127): Elaborating entity "motor" for the top level hierarchy
Info (12128): Elaborating entity "Controlador_e" for hierarchy "Controlador_e:b2v_inst"
Warning (10540): VHDL Signal Declaration warning at Controlador_e.vhd(14): used explicit default value for signal "speed_low" because signal was never assigned a value
Warning (10540): VHDL Signal Declaration warning at Controlador_e.vhd(15): used explicit default value for signal "speed_high" because signal was never assigned a value
Info (12128): Elaborating entity "lpm_counter0" for hierarchy "lpm_counter0:b2v_inst10"
Info (12128): Elaborating entity "lpm_counter" for hierarchy "lpm_counter0:b2v_inst10|lpm_counter:LPM_COUNTER_component"
Info (12130): Elaborated megafunction instantiation "lpm_counter0:b2v_inst10|lpm_counter:LPM_COUNTER_component"
Info (12133): Instantiated megafunction "lpm_counter0:b2v_inst10|lpm_counter:LPM_COUNTER_component" with the following parameter:
    Info (12134): Parameter "lpm_direction" = "UP"
    Info (12134): Parameter "lpm_port_updown" = "PORT_UNUSED"
    Info (12134): Parameter "lpm_type" = "LPM_COUNTER"
    Info (12134): Parameter "lpm_width" = "8"
Info (12021): Found 1 design units, including 1 entities, in source file db/cntr_5ei.tdf
    Info (12023): Found entity 1: cntr_5ei
Info (12128): Elaborating entity "cntr_5ei" for hierarchy "lpm_counter0:b2v_inst10|lpm_counter:LPM_COUNTER_component|cntr_5ei:auto_generated"
Info (12128): Elaborating entity "dsf_shiftregister" for hierarchy "dsf_shiftregister:b2v_inst2"
Info (12128): Elaborating entity "demux_rotation" for hierarchy "demux_rotation:b2v_inst3"
Warning (10631): VHDL Process Statement warning at demux_rotation.vhd(17): inferring latch(es) for signal or variable "in0", which holds its previous value in one or more paths through the process
Warning (10631): VHDL Process Statement warning at demux_rotation.vhd(17): inferring latch(es) for signal or variable "in1", which holds its previous value in one or more paths through the process
Warning (10631): VHDL Process Statement warning at demux_rotation.vhd(17): inferring latch(es) for signal or variable "led_in0", which holds its previous value in one or more paths through the process
Warning (10631): VHDL Process Statement warning at demux_rotation.vhd(17): inferring latch(es) for signal or variable "led_in1", which holds its previous value in one or more paths through the process
Info (10041): Inferred latch for "led_in1" at demux_rotation.vhd(17)
Info (10041): Inferred latch for "led_in0" at demux_rotation.vhd(17)
Info (10041): Inferred latch for "in1" at demux_rotation.vhd(17)
Info (10041): Inferred latch for "in0" at demux_rotation.vhd(17)
Info (12128): Elaborating entity "Comparador_e" for hierarchy "Comparador_e:b2v_inst4"
Warning (10492): VHDL Process Statement warning at Comparador_e.vhd(22): signal "a" is read inside the Process Statement but isn't in the Process Statement's sensitivity list
Warning (10492): VHDL Process Statement warning at Comparador_e.vhd(22): signal "b" is read inside the Process Statement but isn't in the Process Statement's sensitivity list
Warning (10492): VHDL Process Statement warning at Comparador_e.vhd(25): signal "a" is read inside the Process Statement but isn't in the Process Statement's sensitivity list
Warning (10492): VHDL Process Statement warning at Comparador_e.vhd(25): signal "b" is read inside the Process Statement but isn't in the Process Statement's sensitivity list
Warning (10631): VHDL Process Statement warning at Comparador_e.vhd(17): inferring latch(es) for signal or variable "led_ls", which holds its previous value in one or more paths through the process
Warning (10631): VHDL Process Statement warning at Comparador_e.vhd(17): inferring latch(es) for signal or variable "ls", which holds its previous value in one or more paths through the process
Info (10041): Inferred latch for "ls" at Comparador_e.vhd(17)
Info (10041): Inferred latch for "led_ls" at Comparador_e.vhd(17)
Info (12128): Elaborating entity "led_controller" for hierarchy "led_controller:b2v_inst5"
Info (12128): Elaborating entity "lpm_mux0" for hierarchy "lpm_mux0:b2v_inst9"
Info (12128): Elaborating entity "LPM_MUX" for hierarchy "lpm_mux0:b2v_inst9|LPM_MUX:LPM_MUX_component"
Info (12130): Elaborated megafunction instantiation "lpm_mux0:b2v_inst9|LPM_MUX:LPM_MUX_component"
Info (12133): Instantiated megafunction "lpm_mux0:b2v_inst9|LPM_MUX:LPM_MUX_component" with the following parameter:
    Info (12134): Parameter "LPM_WIDTH" = "8"
    Info (12134): Parameter "LPM_SIZE" = "2"
    Info (12134): Parameter "LPM_WIDTHS" = "1"
    Info (12134): Parameter "LPM_PIPELINE" = "0"
    Info (12134): Parameter "LPM_TYPE" = "LPM_MUX"
    Info (12134): Parameter "LPM_HINT" = "UNUSED"
Info (12021): Found 1 design units, including 1 entities, in source file db/mux_p7e.tdf
    Info (12023): Found entity 1: mux_p7e
Info (12128): Elaborating entity "mux_p7e" for hierarchy "lpm_mux0:b2v_inst9|LPM_MUX:LPM_MUX_component|mux_p7e:auto_generated"
Info (286030): Timing-Driven Synthesis is running
Info (16010): Generating hard_block partition "hard_block:auto_generated_inst"
    Info (16011): Adding 0 node(s), including 0 DDIO, 0 PLL, 0 transceiver and 0 LCELL
Info (21057): Implemented 76 device resources after synthesis - the final resource count might be different
    Info (21058): Implemented 4 input pins
    Info (21059): Implemented 15 output pins
    Info (21061): Implemented 57 logic cells
Info: Quartus II 32-bit Analysis & Synthesis was successful. 0 errors, 13 warnings
    Info: Peak virtual memory: 0 megabytes
    Info: Processing ended: Mon May 27 16:33:14 2019
    Info: Elapsed time: 00:00:08
    Info: Total CPU time (on all processors): 00:00:06


